<?xml version="1.0" encoding="UTF-8"?>
<!-- Generated by org.testng.reporters.JUnitReportReporter -->
<testsuite hostname="LAPTOP-HQ2VB7SH" failures="0" tests="4" name="homePage.MyTestCases" time="0.223" errors="0" timestamp="2024-09-05T13:19:15 AST" skipped="0">
  <testcase classname="homePage.MyTestCases" name="CheckTheDefaultLanguageIsEnglish" time="0.092"/>
  <system-out/>
  <testcase classname="homePage.MyTestCases" name="CheckDefaultCurrency" time="0.044"/>
  <system-out/>
  <testcase classname="homePage.MyTestCases" name="CheckContactNumber" time="0.033"/>
  <system-out/>
  <testcase classname="homePage.MyTestCases" name="CheckTheLogo" time="0.054"/>
  <system-out/>
</testsuite> <!-- homePage.MyTestCases -->
