<?xml version="1.0" encoding="UTF-8"?>
<!-- Generated by org.testng.reporters.JUnitReportReporter -->
<testsuite hostname="LAPTOP-HQ2VB7SH" failures="0" tests="7" name="homePage.MyTestCases" time="1.196" errors="0" timestamp="2024-09-06T17:21:06 AST" skipped="0">
  <testcase classname="homePage.MyTestCases" name="CheckTheDefaultLanguageIsEnglish" time="0.066"/>
  <system-out/>
  <testcase classname="homePage.MyTestCases" name="CheckDefaultCurrency" time="0.051"/>
  <system-out/>
  <testcase classname="homePage.MyTestCases" name="CheckContactNumber" time="0.038"/>
  <system-out/>
  <testcase classname="homePage.MyTestCases" name="CheckTheLogo" time="0.049"/>
  <system-out/>
  <testcase classname="homePage.MyTestCases" name="TestHotelTabIsNotSelected" time="0.040"/>
  <system-out/>
  <testcase classname="homePage.MyTestCases" name="checkFlightDepartureDate" time="0.045"/>
  <system-out/>
  <testcase classname="homePage.MyTestCases" name="RandomlyChangeTheLanguage" time="0.907"/>
  <system-out/>
</testsuite> <!-- homePage.MyTestCases -->
